============================================================
   Tang Dynasty, V4.6.14756
   Copyright:   Shanghai Anlogic Infotech Co., Ltd.
                2011 - 2021
   Executable = C:/Anlogic/TD4.6.3/bin/td.exe
   Built at =   17:01:29 Oct 21 2019
   Run by =     akita
   Run Date =   Tue Mar 24 14:25:32 2020

   Run on =     LAPTOP-E0CJ65QR
============================================================
RUN-1002 : start command "import_device eagle_s20.db -package BG256 -basic"
ARC-1001 : Device Initialization.
ARC-1001 : ------------------------------------------------------------------
ARC-1001 :            OPTION            |          IO          |   SETTING   
ARC-1001 : ------------------------------------------------------------------
ARC-1001 :   cso_b/cclk/mosi/miso/dout  |  T3/R11/T10/P10/S11  |    gpio    
ARC-1001 :             done             |         P13          |    gpio    
ARC-1001 :           program_b          |          T2          |  dedicated  
ARC-1001 :        tdi/tms/tck/tdo       |   C12/A15/C14/E14    |  dedicated  
ARC-1001 : ------------------------------------------------------------------
ARC-1004 : Device setting, marked 5 dedicate IOs in total.
RUN-1002 : start command "read_verilog -file al_ip/pll2.v"
HDL-1007 : analyze verilog file al_ip/pll2.v
HDL-1007 : elaborate module pll2 in al_ip/pll2.v(22)
HDL-1007 : elaborate module EG_LOGIC_BUFG in C:/Anlogic/TD4.6.3/arch/eagle_macro.v(81)
HDL-1007 : elaborate module EG_PHY_PLL(FIN="240.000",REFCLK_DIV=19,FBCLK_DIV=2,CLKC0_DIV=40,CLKC0_ENABLE="ENABLE",FEEDBK_PATH="CLKC0_EXT",STDBY_ENABLE="DISABLE",CLKC0_CPHASE=39,GMC_GAIN=0,ICP_CURRENT=9,KVCO=2,LPF_CAPACITOR=2,LPF_RESISTOR=8,SYNC_ENABLE="DISABLE") in C:/Anlogic/TD4.6.3/arch/eagle_macro.v(986)
HDL-1200 : Current top model is pll2
HDL-1100 : Inferred 0 RAMs.
RUN-1002 : start command "optimize_rtl"
RUN-1001 : Open license file C:/Anlogic/TD4.6.3/license/Anlogic.lic
SYN-1012 : SanityCheck: Model "pll2"
SYN-1011 : Flatten model pll2
SYN-1014 : Optimize round 1
SYN-1032 : 6/0 useful/useless nets, 3/0 useful/useless insts
SYN-1019 : Optimized 0 mux instances.
SYN-1015 : Optimize round 1, 0 better
RUN-1002 : start command "map_macro -nopad"
SYN-2501 : Processed 0 LOGIC_BUF instances.
SYN-2501 : 1 BUFG to GCLK
SYN-2571 : Optimize after map_dsp, round 1
SYN-1032 : 6/1 useful/useless nets, 4/1 useful/useless insts
SYN-2571 : Optimize after map_dsp, round 1, 0 better
SYN-2501 : Optimize round 1
SYN-1032 : 6/1 useful/useless nets, 4/1 useful/useless insts
SYN-2501 : Optimize round 1, 0 better
SYN-1032 : 6/1 useful/useless nets, 4/1 useful/useless insts
RUN-1002 : start command "write_verilog al_ip/pll2_sim.v"
HDL-1201 : write out verilog file al_ip/pll2_sim.v
